<?xml version="1.0" encoding="UTF-8"?>
<!-- Generated by org.testng.reporters.JUnitReportReporter -->
<testsuite hostname="DELL-PC" failures="0" tests="1" name="DropDown" time="47.665" errors="0" timestamp="04 Apr 2021 08:16:49 GMT" skipped="0">
  <testcase classname="DropDown" name="openBrowser" time="47.665"/>
</testsuite> <!-- DropDown -->
