<?xml version="1.0" encoding="UTF-8"?>
<!-- Generated by org.testng.reporters.JUnitReportReporter -->
<testsuite hostname="DELL-PC" failures="0" tests="3" name="utils.ExcelUtil" time="0.939" errors="0" timestamp="12 Apr 2021 09:28:17 GMT" skipped="0">
  <testcase classname="utils.ExcelUtil" name="getRowCount" time="0.059"/>
  <testcase classname="utils.ExcelUtil" name="getFirstRow" time="0.815"/>
  <testcase classname="utils.ExcelUtil" name="getSecondRow" time="0.065"/>
</testsuite> <!-- utils.ExcelUtil -->
