<?xml version="1.0" encoding="UTF-8"?>
<!-- Generated by org.testng.reporters.JUnitReportReporter -->
<testsuite hostname="DELL-PC" failures="0" tests="1" name="Open" time="12.036" errors="0" timestamp="03 Apr 2021 06:25:50 GMT" skipped="0">
  <testcase classname="Open" name="openBrowser" time="12.036"/>
</testsuite> <!-- Open -->
