<?xml version="1.0" encoding="UTF-8"?>
<!-- Generated by org.testng.reporters.JUnitReportReporter -->
<testsuite hostname="DELL-PC" failures="0" tests="1" name="CheckBox" time="26.059" errors="0" timestamp="08 Apr 2021 05:39:06 GMT" skipped="0">
  <testcase classname="CheckBox" name="checkBox" time="26.059"/>
</testsuite> <!-- CheckBox -->
