<?xml version="1.0" encoding="UTF-8"?>
<!-- Generated by org.testng.reporters.JUnitReportReporter -->
<testsuite hostname="DELL-PC" failures="0" tests="1" name="DynamicDropDown" time="57.368" errors="0" timestamp="08 Apr 2021 05:12:55 GMT" skipped="0">
  <testcase classname="DynamicDropDown" name="dyanamicDrop" time="57.368"/>
</testsuite> <!-- DynamicDropDown -->
