<?xml version="1.0" encoding="UTF-8"?>
<!-- Generated by org.testng.reporters.JUnitReportReporter -->
<testsuite hostname="DELL-PC" failures="0" tests="1" name="Assertion" time="62.947" errors="0" timestamp="10 Apr 2021 05:29:51 GMT" skipped="0">
  <testcase classname="Assertion" name="checkBox" time="62.947"/>
</testsuite> <!-- Assertion -->
